<?xml version="1.0" encoding="UTF-8"?>
<!-- Generated by org.testng.reporters.JUnitXMLReporter -->
<testsuite ignored="0" hostname="DESKTOP-LFUACT4" failures="2" tests="2" name="Regression" time="21.962" errors="0" timestamp="2024-08-29T20:02:28 SAST">
  <testcase classname="io.cucumber.testng.AbstractTestNGCucumberTests" name="runScenario" time="11.712">
    <failure type="java.lang.AssertionError" message="
Expected: is &amp;quot;https://parabank.parasoft.com/parabank/index.htm&amp;quot;
     but: was &amp;quot;https://www.facebook.com/&amp;quot;">
      <![CDATA[java.lang.AssertionError: 
Expected: is "https://parabank.parasoft.com/parabank/index.htm"
     but: was "https://www.facebook.com/"
at org.hamcrest.MatcherAssert.assertThat(MatcherAssert.java:20)
at org.hamcrest.MatcherAssert.assertThat(MatcherAssert.java:6)
at com.automation.stepdefinitions.LoginStepdefs.iHaveTheParabankWebsiteURL(LoginStepdefs.java:36)
at ✽.I have the parabank website URL(file:///C:/Users/Dell/IdeaProjects/cucumber_test_automation_framework/src/test/resources/features/login.feature:5)
]]>
    </failure>
  </testcase> <!-- runScenario -->
  <testcase classname="io.cucumber.testng.AbstractTestNGCucumberTests" name="runScenario" time="9.081">
    <failure type="java.lang.AssertionError" message="
Expected: is &amp;quot;https://parabank.parasoft.com/parabank/index.htm&amp;quot;
     but: was &amp;quot;https://www.facebook.com/&amp;quot;">
      <![CDATA[java.lang.AssertionError: 
Expected: is "https://parabank.parasoft.com/parabank/index.htm"
     but: was "https://www.facebook.com/"
at org.hamcrest.MatcherAssert.assertThat(MatcherAssert.java:20)
at org.hamcrest.MatcherAssert.assertThat(MatcherAssert.java:6)
at com.automation.stepdefinitions.LoginStepdefs.iHaveTheParabankWebsiteURL(LoginStepdefs.java:36)
at ✽.I have the parabank website URL(file:///C:/Users/Dell/IdeaProjects/cucumber_test_automation_framework/src/test/resources/features/login.feature:14)
]]>
    </failure>
  </testcase> <!-- runScenario -->
</testsuite> <!-- Regression -->
