<?xml version="1.0" encoding="UTF-8"?>
<testsuite xmlns:xsi="http://www.w3.org/2001/XMLSchema-instance" xsi:noNamespaceSchemaLocation="https://maven.apache.org/surefire/maven-surefire-plugin/xsd/surefire-test-report-3.0.xsd" version="3.0" name="TestSuite" time="22.825" tests="2" errors="0" skipped="0" failures="2">
  <properties>
[...]
</properties>
  <testcase name="runScenario[&quot;User with valid credentials&quot;, &quot;Login&quot;](1)" classname="TestRunnerTestng" time="11.713">
    <failure message="&#10;Expected: is &quot;https://parabank.parasoft.com/parabank/index.htm&quot;&#10;     but: was &quot;https://www.facebook.com/&quot;" type="java.lang.AssertionError"><![CDATA[java.lang.AssertionError: 

Expected: is "https://parabank.parasoft.com/parabank/index.htm"
     but: was "https://www.facebook.com/"
	at org.hamcrest.MatcherAssert.assertThat(MatcherAssert.java:20)
	at org.hamcrest.MatcherAssert.assertThat(MatcherAssert.java:6)
	at com.automation.stepdefinitions.LoginStepdefs.iHaveTheParabankWebsiteURL(LoginStepdefs.java:36)
	at ✽.I have the parabank website URL(file:///C:/Users/Dell/IdeaProjects/cucumber_test_automation_framework/src/test/resources/features/login.feature:5)
]]></failure>
    <system-out><![CDATA[[ INFO]  TestRunnerTestng lambda$setUpClass$0 main 2024-08-29 20:02:07,320(TestRunnerTestng.java:35) - environment:preprod
[ INFO]  TestRunnerTestng lambda$setUpClass$0 main 2024-08-29 20:02:07,325(TestRunnerTestng.java:35) - password:kamo
[ INFO]  TestRunnerTestng lambda$setUpClass$0 main 2024-08-29 20:02:07,325(TestRunnerTestng.java:35) - url:https://www.facebook.com
[ INFO]  TestRunnerTestng lambda$setUpClass$0 main 2024-08-29 20:02:07,326(TestRunnerTestng.java:35) - browser:firefox
[ INFO]  TestRunnerTestng lambda$setUpClass$0 main 2024-08-29 20:02:07,326(TestRunnerTestng.java:35) - username:mavusana

@login @smoke @regression
Scenario: User with valid credentials                   &amp#27;[90m# src/test/resources/features/login.feature:4&amp#27;[0m
[ INFO]  Hooks setup main 2024-08-29 20:02:07,494(Hooks.java:23) - Initialize web driver
  &amp#27;[31mGiven &amp#27;[0m&amp#27;[31mI have the parabank website URL&amp#27;[0m                 &amp#27;[90m# com.automation.stepdefinitions.LoginStepdefs.iHaveTheParabankWebsiteURL()&amp#27;[0m
      &amp#27;[31mjava.lang.AssertionError: 
Expected: is "https://parabank.parasoft.com/parabank/index.htm"
     but: was "https://www.facebook.com/"
	at org.hamcrest.MatcherAssert.assertThat(MatcherAssert.java:20)
	at org.hamcrest.MatcherAssert.assertThat(MatcherAssert.java:6)
	at com.automation.stepdefinitions.LoginStepdefs.iHaveTheParabankWebsiteURL(LoginStepdefs.java:36)
	at âœ½.I have the parabank website URL(file:///C:/Users/Dell/IdeaProjects/cucumber_test_automation_framework/src/test/resources/features/login.feature:5)
&amp#27;[0m
  &amp#27;[36mWhen &amp#27;[0m&amp#27;[36mI enter the username as &amp#27;[0m&amp#27;[36m&amp#27;[1m"mavusana"&amp#27;[0m               &amp#27;[90m# com.automation.stepdefinitions.LoginStepdefs.iEnterTheUsernameAs(java.lang.String)&amp#27;[0m
  &amp#27;[36mAnd &amp#27;[0m&amp#27;[36mI enter the password as &amp#27;[0m&amp#27;[36m&amp#27;[1m"kamo"&amp#27;[0m                    &amp#27;[90m# com.automation.stepdefinitions.LoginStepdefs.iEnterThePasswordAs(java.lang.String)&amp#27;[0m
  &amp#27;[36mAnd &amp#27;[0m&amp#27;[36mI click the login button&amp#27;[0m                          &amp#27;[90m# com.automation.stepdefinitions.LoginStepdefs.iClickTheLoginButton()&amp#27;[0m
  &amp#27;[36mThen &amp#27;[0m&amp#27;[36mThe system displays the home page&amp#27;[0m                &amp#27;[90m# com.automation.stepdefinitions.LoginStepdefs.theSystemDisplaysTheHomePage()&amp#27;[0m
  &amp#27;[36mAnd &amp#27;[0m&amp#27;[36mthe system displays a message &amp#27;[0m&amp#27;[36m&amp#27;[1m"Welcome Vusi Pelo"&amp#27;[0m &amp#27;[90m# com.automation.stepdefinitions.LoginStepdefs.theSystemDisplaysAMessage(java.lang.String)&amp#27;[0m
[ INFO]  Hooks closure main 2024-08-29 20:02:17,296(Hooks.java:45) - Close driver successfully
]]></system-out>
  </testcase>
  <testcase name="runScenario[&quot;User with invalid credentials&quot;, &quot;Login&quot;](2)" classname="TestRunnerTestng" time="9.08">
    <failure message="&#10;Expected: is &quot;https://parabank.parasoft.com/parabank/index.htm&quot;&#10;     but: was &quot;https://www.facebook.com/&quot;" type="java.lang.AssertionError"><![CDATA[java.lang.AssertionError: 

Expected: is "https://parabank.parasoft.com/parabank/index.htm"
     but: was "https://www.facebook.com/"
	at org.hamcrest.MatcherAssert.assertThat(MatcherAssert.java:20)
	at org.hamcrest.MatcherAssert.assertThat(MatcherAssert.java:6)
	at com.automation.stepdefinitions.LoginStepdefs.iHaveTheParabankWebsiteURL(LoginStepdefs.java:36)
	at ✽.I have the parabank website URL(file:///C:/Users/Dell/IdeaProjects/cucumber_test_automation_framework/src/test/resources/features/login.feature:14)
]]></failure>
    <system-out><![CDATA[
@login @smoke @regression
Scenario: User with invalid credentials                 &amp#27;[90m# src/test/resources/features/login.feature:13&amp#27;[0m
[ INFO]  Hooks setup main 2024-08-29 20:02:19,074(Hooks.java:23) - Initialize web driver
  &amp#27;[31mGiven &amp#27;[0m&amp#27;[31mI have the parabank website URL&amp#27;[0m                 &amp#27;[90m# com.automation.stepdefinitions.LoginStepdefs.iHaveTheParabankWebsiteURL()&amp#27;[0m
      &amp#27;[31mjava.lang.AssertionError: 
Expected: is "https://parabank.parasoft.com/parabank/index.htm"
     but: was "https://www.facebook.com/"
	at org.hamcrest.MatcherAssert.assertThat(MatcherAssert.java:20)
	at org.hamcrest.MatcherAssert.assertThat(MatcherAssert.java:6)
	at com.automation.stepdefinitions.LoginStepdefs.iHaveTheParabankWebsiteURL(LoginStepdefs.java:36)
	at âœ½.I have the parabank website URL(file:///C:/Users/Dell/IdeaProjects/cucumber_test_automation_framework/src/test/resources/features/login.feature:14)
&amp#27;[0m
  &amp#27;[36mWhen &amp#27;[0m&amp#27;[36mI enter the username as &amp#27;[0m&amp#27;[36m&amp#27;[1m"mavusana"&amp#27;[0m               &amp#27;[90m# com.automation.stepdefinitions.LoginStepdefs.iEnterTheUsernameAs(java.lang.String)&amp#27;[0m
  &amp#27;[36mAnd &amp#27;[0m&amp#27;[36mI enter the password as &amp#27;[0m&amp#27;[36m&amp#27;[1m"tele"&amp#27;[0m                    &amp#27;[90m# com.automation.stepdefinitions.LoginStepdefs.iEnterThePasswordAs(java.lang.String)&amp#27;[0m
  &amp#27;[36mAnd &amp#27;[0m&amp#27;[36mI click the login button&amp#27;[0m                          &amp#27;[90m# com.automation.stepdefinitions.LoginStepdefs.iClickTheLoginButton()&amp#27;[0m
  &amp#27;[36mThen &amp#27;[0m&amp#27;[36mThe system displays the home page&amp#27;[0m                &amp#27;[90m# com.automation.stepdefinitions.LoginStepdefs.theSystemDisplaysTheHomePage()&amp#27;[0m
  &amp#27;[36mAnd &amp#27;[0m&amp#27;[36mthe system displays a message &amp#27;[0m&amp#27;[36m&amp#27;[1m"welcome Vusi Pelo"&amp#27;[0m &amp#27;[90m# com.automation.stepdefinitions.LoginStepdefs.theSystemDisplaysAMessage(java.lang.String)&amp#27;[0m
[ INFO]  Hooks closure main 2024-08-29 20:02:26,188(Hooks.java:45) - Close driver successfully
]]></system-out>
  </testcase>
</testsuite>