<?xml version="1.0" encoding="UTF-8"?>
<testsuite xmlns:xsi="http://www.w3.org/2001/XMLSchema-instance" xsi:noNamespaceSchemaLocation="https://maven.apache.org/surefire/maven-surefire-plugin/xsd/surefire-test-report-3.0.xsd" version="3.0" name="TestSuite" time="19.922" tests="2" errors="0" skipped="0" failures="2">
  <properties>
[...]
</properties>
  <testcase name="runScenario[&quot;User with valid credentials&quot;, &quot;Login&quot;](2)" classname="TestRunnerParallel" time="17.432">
    <failure message="&#10;Expected: is &quot;ParaBank | Accounts Overview&quot;&#10;     but: was &quot;ParaBank | Error&quot;" type="java.lang.AssertionError"><![CDATA[java.lang.AssertionError: 

Expected: is "ParaBank | Accounts Overview"
     but: was "ParaBank | Error"
	at org.hamcrest.MatcherAssert.assertThat(MatcherAssert.java:20)
	at org.hamcrest.MatcherAssert.assertThat(MatcherAssert.java:6)
	at com.automation.pages.LoginPage.validateHomePage(LoginPage.java:61)
	at com.automation.stepdefinitions.LoginStepdefs.theSystemDisplaysTheHomePage(LoginStepdefs.java:55)
	at ✽.The system displays the home page(file:///C:/Users/Dell/IdeaProjects/cucumber_test_automation_framework/src/test/resources/features/1.%20login.feature:9)
]]></failure>
    <system-out><![CDATA[[ INFO]  TestRunnerParallel lambda$setUpClass$0 main 2024-09-03 20:05:04,089(TestRunnerParallel.java:29) - environment:uat
[ INFO]  TestRunnerParallel lambda$setUpClass$0 main 2024-09-03 20:05:04,095(TestRunnerParallel.java:29) - password:kamo
[ INFO]  TestRunnerParallel lambda$setUpClass$0 main 2024-09-03 20:05:04,096(TestRunnerParallel.java:29) - url:https://parabank.parasoft.com/parabank/index.htm
[ INFO]  TestRunnerParallel lambda$setUpClass$0 main 2024-09-03 20:05:04,096(TestRunnerParallel.java:29) - browser:chrome
[ INFO]  TestRunnerParallel lambda$setUpClass$0 main 2024-09-03 20:05:04,096(TestRunnerParallel.java:29) - username:mavusana

@login @smoke @regression
Scenario: User with valid credentials                   &amp#27;[90m# src/test/resources/features/1. login.feature:4&amp#27;[0m

@login @smoke @regression
Scenario: User with invalid credentials          &amp#27;[90m# src/test/resources/features/1. login.feature:13&amp#27;[0m
[ INFO]  Hooks setup TestNG-PoolService-2 2024-09-03 20:05:04,628(Hooks.java:32) - Initialize web driver
[ INFO]  Hooks setup TestNG-PoolService-1 2024-09-03 20:05:04,628(Hooks.java:32) - Initialize web driver
  &amp#27;[32mGiven &amp#27;[0m&amp#27;[32mI have the parabank website URL&amp#27;[0m                 &amp#27;[90m# com.automation.stepdefinitions.LoginStepdefs.iHaveTheParabankWebsiteURL()&amp#27;[0m
  &amp#27;[32mGiven &amp#27;[0m&amp#27;[32mI have the parabank website URL&amp#27;[0m          &amp#27;[90m# com.automation.stepdefinitions.LoginStepdefs.iHaveTheParabankWebsiteURL()&amp#27;[0m
  &amp#27;[32mWhen &amp#27;[0m&amp#27;[32mI enter the username as &amp#27;[0m&amp#27;[32m&amp#27;[1m"mavusana"&amp#27;[0m               &amp#27;[90m# com.automation.stepdefinitions.LoginStepdefs.iEnterTheUsernameAs(java.lang.String)&amp#27;[0m
  &amp#27;[32mWhen &amp#27;[0m&amp#27;[32mI enter the username as &amp#27;[0m&amp#27;[32m&amp#27;[1m"mavusana"&amp#27;[0m        &amp#27;[90m# com.automation.stepdefinitions.LoginStepdefs.iEnterTheUsernameAs(java.lang.String)&amp#27;[0m
  &amp#27;[32mAnd &amp#27;[0m&amp#27;[32mI enter the password as &amp#27;[0m&amp#27;[32m&amp#27;[1m"kamo"&amp#27;[0m                    &amp#27;[90m# com.automation.stepdefinitions.LoginStepdefs.iEnterThePasswordAs(java.lang.String)&amp#27;[0m
  &amp#27;[32mAnd &amp#27;[0m&amp#27;[32mI enter the password as &amp#27;[0m&amp#27;[32m&amp#27;[1m"tele"&amp#27;[0m             &amp#27;[90m# com.automation.stepdefinitions.LoginStepdefs.iEnterThePasswordAs(java.lang.String)&amp#27;[0m
[ INFO]  com.automation.listeners.TestListener beforeClick TestNG-PoolService-1 2024-09-03 20:05:18,765(TestListener.java:127) - Before Clicking the element with tag -input
[ INFO]  com.automation.listeners.TestListener beforeClick TestNG-PoolService-2 2024-09-03 20:05:18,774(TestListener.java:127) - Before Clicking the element with tag -input
[ERROR]  com.automation.listeners.TestListener onError TestNG-PoolService-2 2024-09-03 20:05:19,707(TestListener.java:27) - Error found org.openqa.selenium.remote.RemoteWebElement click null
  &amp#27;[31mAnd &amp#27;[0m&amp#27;[31mI click the login button&amp#27;[0m                   &amp#27;[90m# com.automation.stepdefinitions.LoginStepdefs.iClickTheLoginButton()&amp#27;[0m
      &amp#27;[31morg.openqa.selenium.StaleElementReferenceException: stale element reference: stale element not found
  (Session info: chrome=128.0.6613.119)
For documentation on this error, please visit: https://www.selenium.dev/documentation/webdriver/troubleshooting/errors#stale-element-reference-exception
Build info: version: '4.12.1', revision: '8e34639b11'
System info: os.name: 'Windows 11', os.arch: 'amd64', os.version: '10.0', java.version: '17.0.11'
Driver info: org.openqa.selenium.chrome.ChromeDriver
Command: [2d2fc2e83b9c55fa69d4150b4a4a1ac1, clickElement {id=f.F17814E98DB8637C1104245491E3E478.d.C5EC04E111425A5C2F707AE375E5B8FE.e.7}]
Capabilities {acceptInsecureCerts: false, browserName: chrome, browserVersion: 128.0.6613.119, chrome: {chromedriverVersion: 128.0.6613.119 (6e439cfca4d..., userDataDir: C:\Users\Dell\AppData\Local...}, fedcm:accounts: true, goog:chromeOptions: {debuggerAddress: localhost:64063}, networkConnectionEnabled: false, pageLoadStrategy: normal, platformName: windows, proxy: Proxy(), se:cdp: ws://localhost:64063/devtoo..., se:cdpVersion: 128.0.6613.119, setWindowRect: true, strictFileInteractability: false, timeouts: {implicit: 0, pageLoad: 300000, script: 30000}, unhandledPromptBehavior: dismiss and notify, webauthn:extension:credBlob: true, webauthn:extension:largeBlob: true, webauthn:extension:minPinLength: true, webauthn:extension:prf: true, webauthn:virtualAuthenticators: true}
Element: [[ChromeDriver: chrome on windows (2d2fc2e83b9c55fa69d4150b4a4a1ac1)] -> xpath: //*[@id='loginPanel']/form/div[3]/input]
Session ID: 2d2fc2e83b9c55fa69d4150b4a4a1ac1
	at java.base/jdk.internal.reflect.NativeConstructorAccessorImpl.newInstance0(Native Method)
	at java.base/jdk.internal.reflect.NativeConstructorAccessorImpl.newInstance(NativeConstructorAccessorImpl.java:77)
	at java.base/jdk.internal.reflect.DelegatingConstructorAccessorImpl.newInstance(DelegatingConstructorAccessorImpl.java:45)
	at java.base/java.lang.reflect.Constructor.newInstanceWithCaller(Constructor.java:499)
	at java.base/java.lang.reflect.Constructor.newInstance(Constructor.java:480)
	at org.openqa.selenium.remote.codec.w3c.W3CHttpResponseCodec.createException(W3CHttpResponseCodec.java:200)
	at org.openqa.selenium.remote.codec.w3c.W3CHttpResponseCodec.decode(W3CHttpResponseCodec.java:133)
	at org.openqa.selenium.remote.codec.w3c.W3CHttpResponseCodec.decode(W3CHttpResponseCodec.java:52)
	at org.openqa.selenium.remote.HttpCommandExecutor.execute(HttpCommandExecutor.java:191)
	at org.openqa.selenium.remote.service.DriverCommandExecutor.invokeExecute(DriverCommandExecutor.java:196)
	at org.openqa.selenium.remote.service.DriverCommandExecutor.execute(DriverCommandExecutor.java:171)
	at org.openqa.selenium.remote.RemoteWebDriver.execute(RemoteWebDriver.java:602)
	at org.openqa.selenium.remote.RemoteWebElement.execute(RemoteWebElement.java:224)
	at org.openqa.selenium.remote.RemoteWebElement.click(RemoteWebElement.java:77)
	at java.base/jdk.internal.reflect.NativeMethodAccessorImpl.invoke0(Native Method)
	at java.base/jdk.internal.reflect.NativeMethodAccessorImpl.invoke(NativeMethodAccessorImpl.java:77)
	at java.base/jdk.internal.reflect.DelegatingMethodAccessorImpl.invoke(DelegatingMethodAccessorImpl.java:43)
	at java.base/java.lang.reflect.Method.invoke(Method.java:568)
	at org.openqa.selenium.support.decorators.WebDriverDecorator.call(WebDriverDecorator.java:249)
	at org.openqa.selenium.support.decorators.DefaultDecorated.call(DefaultDecorated.java:48)
	at org.openqa.selenium.support.decorators.WebDriverDecorator.lambda$createProxy$2(WebDriverDecorator.java:321)
	at net.bytebuddy.renamed.java.lang.Object$ByteBuddy$DvT85kBZ.click(Unknown Source)
	at java.base/jdk.internal.reflect.NativeMethodAccessorImpl.invoke0(Native Method)
	at java.base/jdk.internal.reflect.NativeMethodAccessorImpl.invoke(NativeMethodAccessorImpl.java:77)
	at java.base/jdk.internal.reflect.DelegatingMethodAccessorImpl.invoke(DelegatingMethodAccessorImpl.java:43)
	at java.base/java.lang.reflect.Method.invoke(Method.java:568)
	at org.openqa.selenium.support.pagefactory.internal.LocatingElementHandler.invoke(LocatingElementHandler.java:51)
	at jdk.proxy2/jdk.proxy2.$Proxy50.click(Unknown Source)
	at com.automation.pages.LoginPage.clickLogin(LoginPage.java:56)
	at com.automation.stepdefinitions.LoginStepdefs.iClickTheLoginButton(LoginStepdefs.java:65)
	at âœ½.I click the login button(file:///C:/Users/Dell/IdeaProjects/cucumber_test_automation_framework/src/test/resources/features/1.%20login.feature:17)
&amp#27;[0m
  &amp#27;[36mThen &amp#27;[0m&amp#27;[36mThe system displays the error page&amp#27;[0m        &amp#27;[90m# com.automation.stepdefinitions.LoginStepdefs.verifyErrorPage()&amp#27;[0m
  &amp#27;[36mAnd &amp#27;[0m&amp#27;[36mthe system displays error message &amp#27;[0m&amp#27;[36m&amp#27;[1m"Error!"&amp#27;[0m &amp#27;[90m# com.automation.stepdefinitions.LoginStepdefs.ValidateErrorMessage(java.lang.String)&amp#27;[0m
[ INFO]  Hooks closure TestNG-PoolService-2 2024-09-03 20:05:19,725(Hooks.java:60) - Close driver successfully

    Embedding screenshot [image/png 189274 bytes]

  &amp#27;[32mAnd &amp#27;[0m&amp#27;[32mI click the login button&amp#27;[0m                          &amp#27;[90m# com.automation.stepdefinitions.LoginStepdefs.iClickTheLoginButton()&amp#27;[0m
  &amp#27;[31mThen &amp#27;[0m&amp#27;[31mThe system displays the home page&amp#27;[0m                &amp#27;[90m# com.automation.stepdefinitions.LoginStepdefs.theSystemDisplaysTheHomePage()&amp#27;[0m
      &amp#27;[31mjava.lang.AssertionError: 
Expected: is "ParaBank | Accounts Overview"
     but: was "ParaBank | Error"
	at org.hamcrest.MatcherAssert.assertThat(MatcherAssert.java:20)
	at org.hamcrest.MatcherAssert.assertThat(MatcherAssert.java:6)
	at com.automation.pages.LoginPage.validateHomePage(LoginPage.java:61)
	at com.automation.stepdefinitions.LoginStepdefs.theSystemDisplaysTheHomePage(LoginStepdefs.java:55)
	at âœ½.The system displays the home page(file:///C:/Users/Dell/IdeaProjects/cucumber_test_automation_framework/src/test/resources/features/1.%20login.feature:9)
&amp#27;[0m
  &amp#27;[36mAnd &amp#27;[0m&amp#27;[36mthe system displays a message &amp#27;[0m&amp#27;[36m&amp#27;[1m"Welcome Vusi Pelo"&amp#27;[0m &amp#27;[90m# com.automation.stepdefinitions.LoginStepdefs.theSystemDisplaysAMessage(java.lang.String)&amp#27;[0m
[ INFO]  Hooks closure TestNG-PoolService-1 2024-09-03 20:05:20,234(Hooks.java:60) - Close driver successfully
]]></system-out>
    <system-err><![CDATA[Sep 03, 2024 8:05:09 PM org.openqa.selenium.devtools.CdpVersionFinder findNearestMatch
WARNING: Unable to find CDP implementation matching 128
Sep 03, 2024 8:05:09 PM org.openqa.selenium.chromium.ChromiumDriver lambda$new$5
WARNING: Unable to find version of CDP to use for 128.0.6613.119. You may need to include a dependency on a specific version of the CDP using something similar to `org.seleniumhq.selenium:selenium-devtools-v86:4.12.1` where the version ("v86") matches the version of the chromium-based browser you're using and the version number of the artifact is the same as Selenium's.
Sep 03, 2024 8:05:14 PM org.openqa.selenium.devtools.CdpVersionFinder findNearestMatch
WARNING: Unable to find CDP implementation matching 128
Sep 03, 2024 8:05:14 PM org.openqa.selenium.chromium.ChromiumDriver lambda$new$5
WARNING: Unable to find version of CDP to use for 128.0.6613.119. You may need to include a dependency on a specific version of the CDP using something similar to `org.seleniumhq.selenium:selenium-devtools-v86:4.12.1` where the version ("v86") matches the version of the chromium-based browser you're using and the version number of the artifact is the same as Selenium's.
Sep 03, 2024 8:05:19 PM org.openqa.selenium.support.events.EventFiringDecorator callListenerMethod
WARNING: null
java.lang.reflect.InvocationTargetException
	at java.base/jdk.internal.reflect.NativeMethodAccessorImpl.invoke0(Native Method)
	at java.base/jdk.internal.reflect.NativeMethodAccessorImpl.invoke(NativeMethodAccessorImpl.java:77)
	at java.base/jdk.internal.reflect.DelegatingMethodAccessorImpl.invoke(DelegatingMethodAccessorImpl.java:43)
	at java.base/java.lang.reflect.Method.invoke(Method.java:568)
	at org.openqa.selenium.support.events.EventFiringDecorator.callListenerMethod(EventFiringDecorator.java:328)
	at org.openqa.selenium.support.events.EventFiringDecorator.fireAfterEvents(EventFiringDecorator.java:267)
	at org.openqa.selenium.support.events.EventFiringDecorator.lambda$afterCall$1(EventFiringDecorator.java:188)
	at java.base/java.util.Arrays$ArrayList.forEach(Arrays.java:4204)
	at org.openqa.selenium.support.events.EventFiringDecorator.afterCall(EventFiringDecorator.java:188)
	at org.openqa.selenium.support.decorators.DefaultDecorated.afterCall(DefaultDecorated.java:53)
	at org.openqa.selenium.support.decorators.WebDriverDecorator.lambda$createProxy$2(WebDriverDecorator.java:322)
	at net.bytebuddy.renamed.java.lang.Object$ByteBuddy$GesuLAg6.click(Unknown Source)
	at java.base/jdk.internal.reflect.NativeMethodAccessorImpl.invoke0(Native Method)
	at java.base/jdk.internal.reflect.NativeMethodAccessorImpl.invoke(NativeMethodAccessorImpl.java:77)
	at java.base/jdk.internal.reflect.DelegatingMethodAccessorImpl.invoke(DelegatingMethodAccessorImpl.java:43)
	at java.base/java.lang.reflect.Method.invoke(Method.java:568)
	at org.openqa.selenium.support.pagefactory.internal.LocatingElementHandler.invoke(LocatingElementHandler.java:51)
	at jdk.proxy2/jdk.proxy2.$Proxy50.click(Unknown Source)
	at com.automation.pages.LoginPage.clickLogin(LoginPage.java:56)
	at com.automation.stepdefinitions.LoginStepdefs.iClickTheLoginButton(LoginStepdefs.java:65)
	at java.base/jdk.internal.reflect.NativeMethodAccessorImpl.invoke0(Native Method)
	at java.base/jdk.internal.reflect.NativeMethodAccessorImpl.invoke(NativeMethodAccessorImpl.java:77)
	at java.base/jdk.internal.reflect.DelegatingMethodAccessorImpl.invoke(DelegatingMethodAccessorImpl.java:43)
	at java.base/java.lang.reflect.Method.invoke(Method.java:568)
	at io.cucumber.java.Invoker.doInvoke(Invoker.java:66)
	at io.cucumber.java.Invoker.invoke(Invoker.java:24)
	at io.cucumber.java.AbstractGlueDefinition.invokeMethod(AbstractGlueDefinition.java:47)
	at io.cucumber.java.JavaStepDefinition.execute(JavaStepDefinition.java:29)
	at io.cucumber.core.runner.CoreStepDefinition.execute(CoreStepDefinition.java:66)
	at io.cucumber.core.runner.PickleStepDefinitionMatch.runStep(PickleStepDefinitionMatch.java:63)
	at io.cucumber.core.runner.ExecutionMode$1.execute(ExecutionMode.java:10)
	at io.cucumber.core.runner.TestStep.executeStep(TestStep.java:81)
	at io.cucumber.core.runner.TestStep.run(TestStep.java:53)
	at io.cucumber.core.runner.PickleStepTestStep.run(PickleStepTestStep.java:51)
	at io.cucumber.core.runner.TestCase.run(TestCase.java:84)
	at io.cucumber.core.runner.Runner.runPickle(Runner.java:75)
	at io.cucumber.testng.TestNGCucumberRunner.lambda$runScenario$1(TestNGCucumberRunner.java:132)
	at io.cucumber.core.runtime.CucumberExecutionContext.lambda$runTestCase$5(CucumberExecutionContext.java:136)
	at io.cucumber.core.runtime.RethrowingThrowableCollector.executeAndThrow(RethrowingThrowableCollector.java:23)
	at io.cucumber.core.runtime.CucumberExecutionContext.runTestCase(CucumberExecutionContext.java:136)
	at io.cucumber.testng.TestNGCucumberRunner.runScenario(TestNGCucumberRunner.java:129)
	at io.cucumber.testng.AbstractTestNGCucumberTests.runScenario(AbstractTestNGCucumberTests.java:35)
	at java.base/jdk.internal.reflect.NativeMethodAccessorImpl.invoke0(Native Method)
	at java.base/jdk.internal.reflect.NativeMethodAccessorImpl.invoke(NativeMethodAccessorImpl.java:77)
	at java.base/jdk.internal.reflect.DelegatingMethodAccessorImpl.invoke(DelegatingMethodAccessorImpl.java:43)
	at java.base/java.lang.reflect.Method.invoke(Method.java:568)
	at org.testng.internal.invokers.MethodInvocationHelper.invokeMethod(MethodInvocationHelper.java:141)
	at org.testng.internal.invokers.TestInvoker.invokeMethod(TestInvoker.java:686)
	at org.testng.internal.invokers.TestInvoker.invokeTestMethod(TestInvoker.java:230)
	at org.testng.internal.invokers.TestMethodWithDataProviderMethodWorker.call(TestMethodWithDataProviderMethodWorker.java:81)
	at org.testng.internal.thread.Async$AsyncTask.run(Async.java:34)
	at java.base/java.util.concurrent.ThreadPoolExecutor.runWorker(ThreadPoolExecutor.java:1136)
	at java.base/java.util.concurrent.ThreadPoolExecutor$Worker.run(ThreadPoolExecutor.java:635)
	at java.base/java.lang.Thread.run(Thread.java:842)
Caused by: org.openqa.selenium.StaleElementReferenceException: stale element reference: stale element not found
  (Session info: chrome=128.0.6613.119)
For documentation on this error, please visit: https://www.selenium.dev/documentation/webdriver/troubleshooting/errors#stale-element-reference-exception
Build info: version: '4.12.1', revision: '8e34639b11'
System info: os.name: 'Windows 11', os.arch: 'amd64', os.version: '10.0', java.version: '17.0.11'
Driver info: org.openqa.selenium.chrome.ChromeDriver
Command: [2d2fc2e83b9c55fa69d4150b4a4a1ac1, getElementTagName {id=f.F17814E98DB8637C1104245491E3E478.d.C5EC04E111425A5C2F707AE375E5B8FE.e.7}]
Capabilities {acceptInsecureCerts: false, browserName: chrome, browserVersion: 128.0.6613.119, chrome: {chromedriverVersion: 128.0.6613.119 (6e439cfca4d..., userDataDir: C:\Users\Dell\AppData\Local...}, fedcm:accounts: true, goog:chromeOptions: {debuggerAddress: localhost:64063}, networkConnectionEnabled: false, pageLoadStrategy: normal, platformName: windows, proxy: Proxy(), se:cdp: ws://localhost:64063/devtoo..., se:cdpVersion: 128.0.6613.119, setWindowRect: true, strictFileInteractability: false, timeouts: {implicit: 0, pageLoad: 300000, script: 30000}, unhandledPromptBehavior: dismiss and notify, webauthn:extension:credBlob: true, webauthn:extension:largeBlob: true, webauthn:extension:minPinLength: true, webauthn:extension:prf: true, webauthn:virtualAuthenticators: true}
Element: [[ChromeDriver: chrome on windows (2d2fc2e83b9c55fa69d4150b4a4a1ac1)] -> xpath: //*[@id='loginPanel']/form/div[3]/input]
Session ID: 2d2fc2e83b9c55fa69d4150b4a4a1ac1
	at java.base/jdk.internal.reflect.NativeConstructorAccessorImpl.newInstance0(Native Method)
	at java.base/jdk.internal.reflect.NativeConstructorAccessorImpl.newInstance(NativeConstructorAccessorImpl.java:77)
	at java.base/jdk.internal.reflect.DelegatingConstructorAccessorImpl.newInstance(DelegatingConstructorAccessorImpl.java:45)
	at java.base/java.lang.reflect.Constructor.newInstanceWithCaller(Constructor.java:499)
	at java.base/java.lang.reflect.Constructor.newInstance(Constructor.java:480)
	at org.openqa.selenium.remote.codec.w3c.W3CHttpResponseCodec.createException(W3CHttpResponseCodec.java:200)
	at org.openqa.selenium.remote.codec.w3c.W3CHttpResponseCodec.decode(W3CHttpResponseCodec.java:133)
	at org.openqa.selenium.remote.codec.w3c.W3CHttpResponseCodec.decode(W3CHttpResponseCodec.java:52)
	at org.openqa.selenium.remote.HttpCommandExecutor.execute(HttpCommandExecutor.java:191)
	at org.openqa.selenium.remote.service.DriverCommandExecutor.invokeExecute(DriverCommandExecutor.java:196)
	at org.openqa.selenium.remote.service.DriverCommandExecutor.execute(DriverCommandExecutor.java:171)
	at org.openqa.selenium.remote.RemoteWebDriver.execute(RemoteWebDriver.java:602)
	at org.openqa.selenium.remote.RemoteWebElement.execute(RemoteWebElement.java:224)
	at org.openqa.selenium.remote.RemoteWebElement.getTagName(RemoteWebElement.java:135)
	at com.automation.listeners.TestListener.afterClick(TestListener.java:131)
	... 54 more

]]></system-err>
  </testcase>
  <testcase name="runScenario[&quot;User with invalid credentials&quot;, &quot;Login&quot;](2)" classname="TestRunnerParallel" time="17.436">
    <failure message="stale element reference: stale element not found&#10;  (Session info: chrome=128.0.6613.119)&#10;For documentation on this error, please visit: https://www.selenium.dev/documentation/webdriver/troubleshooting/errors#stale-element-reference-exception&#10;Build info: version: &apos;4.12.1&apos;, revision: &apos;8e34639b11&apos;&#10;System info: os.name: &apos;Windows 11&apos;, os.arch: &apos;amd64&apos;, os.version: &apos;10.0&apos;, java.version: &apos;17.0.11&apos;&#10;Driver info: org.openqa.selenium.chrome.ChromeDriver&#10;Command: [2d2fc2e83b9c55fa69d4150b4a4a1ac1, clickElement {id=f.F17814E98DB8637C1104245491E3E478.d.C5EC04E111425A5C2F707AE375E5B8FE.e.7}]&#10;Capabilities {acceptInsecureCerts: false, browserName: chrome, browserVersion: 128.0.6613.119, chrome: {chromedriverVersion: 128.0.6613.119 (6e439cfca4d..., userDataDir: C:\Users\Dell\AppData\Local...}, fedcm:accounts: true, goog:chromeOptions: {debuggerAddress: localhost:64063}, networkConnectionEnabled: false, pageLoadStrategy: normal, platformName: windows, proxy: Proxy(), se:cdp: ws://localhost:64063/devtoo..., se:cdpVersion: 128.0.6613.119, setWindowRect: true, strictFileInteractability: false, timeouts: {implicit: 0, pageLoad: 300000, script: 30000}, unhandledPromptBehavior: dismiss and notify, webauthn:extension:credBlob: true, webauthn:extension:largeBlob: true, webauthn:extension:minPinLength: true, webauthn:extension:prf: true, webauthn:virtualAuthenticators: true}&#10;Element: [[ChromeDriver: chrome on windows (2d2fc2e83b9c55fa69d4150b4a4a1ac1)] -&gt; xpath: //*[@id=&apos;loginPanel&apos;]/form/div[3]/input]&#10;Session ID: 2d2fc2e83b9c55fa69d4150b4a4a1ac1" type="org.openqa.selenium.StaleElementReferenceException"><![CDATA[org.openqa.selenium.StaleElementReferenceException: 
stale element reference: stale element not found
  (Session info: chrome=128.0.6613.119)
For documentation on this error, please visit: https://www.selenium.dev/documentation/webdriver/troubleshooting/errors#stale-element-reference-exception
Build info: version: '4.12.1', revision: '8e34639b11'
System info: os.name: 'Windows 11', os.arch: 'amd64', os.version: '10.0', java.version: '17.0.11'
Driver info: org.openqa.selenium.chrome.ChromeDriver
Command: [2d2fc2e83b9c55fa69d4150b4a4a1ac1, clickElement {id=f.F17814E98DB8637C1104245491E3E478.d.C5EC04E111425A5C2F707AE375E5B8FE.e.7}]
Capabilities {acceptInsecureCerts: false, browserName: chrome, browserVersion: 128.0.6613.119, chrome: {chromedriverVersion: 128.0.6613.119 (6e439cfca4d..., userDataDir: C:\Users\Dell\AppData\Local...}, fedcm:accounts: true, goog:chromeOptions: {debuggerAddress: localhost:64063}, networkConnectionEnabled: false, pageLoadStrategy: normal, platformName: windows, proxy: Proxy(), se:cdp: ws://localhost:64063/devtoo..., se:cdpVersion: 128.0.6613.119, setWindowRect: true, strictFileInteractability: false, timeouts: {implicit: 0, pageLoad: 300000, script: 30000}, unhandledPromptBehavior: dismiss and notify, webauthn:extension:credBlob: true, webauthn:extension:largeBlob: true, webauthn:extension:minPinLength: true, webauthn:extension:prf: true, webauthn:virtualAuthenticators: true}
Element: [[ChromeDriver: chrome on windows (2d2fc2e83b9c55fa69d4150b4a4a1ac1)] -> xpath: //*[@id='loginPanel']/form/div[3]/input]
Session ID: 2d2fc2e83b9c55fa69d4150b4a4a1ac1
	at java.base/jdk.internal.reflect.NativeConstructorAccessorImpl.newInstance0(Native Method)
	at java.base/jdk.internal.reflect.NativeConstructorAccessorImpl.newInstance(NativeConstructorAccessorImpl.java:77)
	at java.base/jdk.internal.reflect.DelegatingConstructorAccessorImpl.newInstance(DelegatingConstructorAccessorImpl.java:45)
	at java.base/java.lang.reflect.Constructor.newInstanceWithCaller(Constructor.java:499)
	at java.base/java.lang.reflect.Constructor.newInstance(Constructor.java:480)
	at org.openqa.selenium.remote.codec.w3c.W3CHttpResponseCodec.createException(W3CHttpResponseCodec.java:200)
	at org.openqa.selenium.remote.codec.w3c.W3CHttpResponseCodec.decode(W3CHttpResponseCodec.java:133)
	at org.openqa.selenium.remote.codec.w3c.W3CHttpResponseCodec.decode(W3CHttpResponseCodec.java:52)
	at org.openqa.selenium.remote.HttpCommandExecutor.execute(HttpCommandExecutor.java:191)
	at org.openqa.selenium.remote.service.DriverCommandExecutor.invokeExecute(DriverCommandExecutor.java:196)
	at org.openqa.selenium.remote.service.DriverCommandExecutor.execute(DriverCommandExecutor.java:171)
	at org.openqa.selenium.remote.RemoteWebDriver.execute(RemoteWebDriver.java:602)
	at org.openqa.selenium.remote.RemoteWebElement.execute(RemoteWebElement.java:224)
	at org.openqa.selenium.remote.RemoteWebElement.click(RemoteWebElement.java:77)
	at java.base/jdk.internal.reflect.NativeMethodAccessorImpl.invoke0(Native Method)
	at java.base/jdk.internal.reflect.NativeMethodAccessorImpl.invoke(NativeMethodAccessorImpl.java:77)
	at java.base/jdk.internal.reflect.DelegatingMethodAccessorImpl.invoke(DelegatingMethodAccessorImpl.java:43)
	at java.base/java.lang.reflect.Method.invoke(Method.java:568)
	at org.openqa.selenium.support.decorators.WebDriverDecorator.call(WebDriverDecorator.java:249)
	at org.openqa.selenium.support.decorators.DefaultDecorated.call(DefaultDecorated.java:48)
	at org.openqa.selenium.support.decorators.WebDriverDecorator.lambda$createProxy$2(WebDriverDecorator.java:321)
	at net.bytebuddy.renamed.java.lang.Object$ByteBuddy$DvT85kBZ.click(Unknown Source)
	at java.base/jdk.internal.reflect.NativeMethodAccessorImpl.invoke0(Native Method)
	at java.base/jdk.internal.reflect.NativeMethodAccessorImpl.invoke(NativeMethodAccessorImpl.java:77)
	at java.base/jdk.internal.reflect.DelegatingMethodAccessorImpl.invoke(DelegatingMethodAccessorImpl.java:43)
	at java.base/java.lang.reflect.Method.invoke(Method.java:568)
	at org.openqa.selenium.support.pagefactory.internal.LocatingElementHandler.invoke(LocatingElementHandler.java:51)
	at jdk.proxy2/jdk.proxy2.$Proxy50.click(Unknown Source)
	at com.automation.pages.LoginPage.clickLogin(LoginPage.java:56)
	at com.automation.stepdefinitions.LoginStepdefs.iClickTheLoginButton(LoginStepdefs.java:65)
	at ✽.I click the login button(file:///C:/Users/Dell/IdeaProjects/cucumber_test_automation_framework/src/test/resources/features/1.%20login.feature:17)
]]></failure>
  </testcase>
</testsuite>