-------------------------------------------------------------------------------
Test set: TestRunner
-------------------------------------------------------------------------------
Tests run: 2, Failures: 2, Errors: 0, Skipped: 0, Time elapsed: 21.08 s <<< FAILURE! -- in TestRunner
Login.User with valid credentials -- Time elapsed: 11.20 s <<< FAILURE!
java.lang.AssertionError: 

Expected: is "ParaBank | Welcome | Online Banking"
     but: was "ParaBank | Error"
	at org.hamcrest.MatcherAssert.assertThat(MatcherAssert.java:20)
	at org.hamcrest.MatcherAssert.assertThat(MatcherAssert.java:8)
	at com.automation.pages.LoginPage.validateHomePage(LoginPage.java:54)
	at com.automation.stepdefinitions.LoginStepdefs.theSystemDisplaysTheHomePage(LoginStepdefs.java:55)
	at ✽.The system displays the home page(file:///C:/Users/Dell/IdeaProjects/cucumber_test_automation_framework/src/test/resources/features/login.feature:9)

Login.User with invalid credentials -- Time elapsed: 8.620 s <<< FAILURE!
java.lang.AssertionError: 

Expected: is "ParaBank | Welcome | Online Banking"
     but: was "ParaBank | Error"
	at org.hamcrest.MatcherAssert.assertThat(MatcherAssert.java:20)
	at org.hamcrest.MatcherAssert.assertThat(MatcherAssert.java:8)
	at com.automation.pages.LoginPage.validateHomePage(LoginPage.java:54)
	at com.automation.stepdefinitions.LoginStepdefs.theSystemDisplaysTheHomePage(LoginStepdefs.java:55)
	at ✽.The system displays the home page(file:///C:/Users/Dell/IdeaProjects/cucumber_test_automation_framework/src/test/resources/features/login.feature:18)

