<?xml version="1.0" encoding="UTF-8"?>
<testsuite xmlns:xsi="http://www.w3.org/2001/XMLSchema-instance" xsi:noNamespaceSchemaLocation="https://maven.apache.org/surefire/maven-surefire-plugin/xsd/surefire-test-report-3.0.xsd" version="3.0" name="TestRunner" time="25.329" tests="3" errors="1" skipped="0" failures="1">
  <properties>
[...]
</properties>
  <testcase name="User with valid credentials" classname="Login" time="10.909">
    <system-out><![CDATA[
@login @smoke @regression
Scenario: User with valid credentials                   &amp#27;[90m# src/test/resources/features/login.feature:4&amp#27;[0m

    URL https://parabank.parasoft.com/parabank/index.htm

  &amp#27;[32mGiven &amp#27;[0m&amp#27;[32mI have the parabank website URL&amp#27;[0m                 &amp#27;[90m# com.automation.stepdefinitions.LoginStepdefs.iHaveTheParabankWebsiteURL()&amp#27;[0m
  &amp#27;[32mWhen &amp#27;[0m&amp#27;[32mI enter the username as &amp#27;[0m&amp#27;[32m&amp#27;[1m"mavusana"&amp#27;[0m               &amp#27;[90m# com.automation.stepdefinitions.LoginStepdefs.iEnterTheUsernameAs(java.lang.String)&amp#27;[0m
  &amp#27;[32mAnd &amp#27;[0m&amp#27;[32mI enter the password as &amp#27;[0m&amp#27;[32m&amp#27;[1m"kamo"&amp#27;[0m                    &amp#27;[90m# com.automation.stepdefinitions.LoginStepdefs.iEnterThePasswordAs(java.lang.String)&amp#27;[0m
  &amp#27;[32mAnd &amp#27;[0m&amp#27;[32mI click the login button&amp#27;[0m                          &amp#27;[90m# com.automation.stepdefinitions.LoginStepdefs.iClickTheLoginButton()&amp#27;[0m
  &amp#27;[32mThen &amp#27;[0m&amp#27;[32mThe system displays the home page&amp#27;[0m                &amp#27;[90m# com.automation.stepdefinitions.LoginStepdefs.theSystemDisplaysTheHomePage()&amp#27;[0m
  &amp#27;[32mAnd &amp#27;[0m&amp#27;[32mthe system displays a message &amp#27;[0m&amp#27;[32m&amp#27;[1m"Welcome Vusi Pelo"&amp#27;[0m &amp#27;[90m# com.automation.stepdefinitions.LoginStepdefs.theSystemDisplaysAMessage(java.lang.String)&amp#27;[0m
]]></system-out>
    <system-err><![CDATA[SLF4J: Failed to load class "org.slf4j.impl.StaticLoggerBinder".
SLF4J: Defaulting to no-operation (NOP) logger implementation
SLF4J: See http://www.slf4j.org/codes.html#StaticLoggerBinder for further details.
Aug 13, 2024 7:59:48 PM org.openqa.selenium.devtools.CdpVersionFinder findNearestMatch
WARNING: Unable to find CDP implementation matching 127
Aug 13, 2024 7:59:48 PM org.openqa.selenium.chromium.ChromiumDriver lambda$new$5
WARNING: Unable to find version of CDP to use for 127.0.6533.100. You may need to include a dependency on a specific version of the CDP using something similar to `org.seleniumhq.selenium:selenium-devtools-v86:4.12.1` where the version ("v86") matches the version of the chromium-based browser you're using and the version number of the artifact is the same as Selenium's.
Aug 13, 2024 7:59:55 PM org.openqa.selenium.remote.http.WebSocket$Listener onError
WARNING: Connection reset
java.net.SocketException: Connection reset
	at java.base/sun.nio.ch.SocketChannelImpl.throwConnectionReset(SocketChannelImpl.java:394)
	at java.base/sun.nio.ch.SocketChannelImpl.read(SocketChannelImpl.java:426)
	at io.netty.buffer.PooledByteBuf.setBytes(PooledByteBuf.java:254)
	at io.netty.buffer.AbstractByteBuf.writeBytes(AbstractByteBuf.java:1132)
	at io.netty.channel.socket.nio.NioSocketChannel.doReadBytes(NioSocketChannel.java:357)
	at io.netty.channel.nio.AbstractNioByteChannel$NioByteUnsafe.read(AbstractNioByteChannel.java:151)
	at io.netty.channel.nio.NioEventLoop.processSelectedKey(NioEventLoop.java:788)
	at io.netty.channel.nio.NioEventLoop.processSelectedKeysOptimized(NioEventLoop.java:724)
	at io.netty.channel.nio.NioEventLoop.processSelectedKeys(NioEventLoop.java:650)
	at io.netty.channel.nio.NioEventLoop.run(NioEventLoop.java:562)
	at io.netty.util.concurrent.SingleThreadEventExecutor$4.run(SingleThreadEventExecutor.java:997)
	at io.netty.util.internal.ThreadExecutorMap$2.run(ThreadExecutorMap.java:74)
	at io.netty.util.concurrent.FastThreadLocalRunnable.run(FastThreadLocalRunnable.java:30)
	at java.base/java.lang.Thread.run(Thread.java:842)

]]></system-err>
  </testcase>
  <testcase name="User with invalid credentials" classname="Login" time="8.946">
    <failure message="&#10;Expected: is &quot;ParaBank | Accounts Overview&quot;&#10;     but: was &quot;ParaBank | Error&quot;" type="java.lang.AssertionError"><![CDATA[java.lang.AssertionError: 

Expected: is "ParaBank | Accounts Overview"
     but: was "ParaBank | Error"
	at org.hamcrest.MatcherAssert.assertThat(MatcherAssert.java:20)
	at org.hamcrest.MatcherAssert.assertThat(MatcherAssert.java:8)
	at com.automation.stepdefinitions.LoginStepdefs.theSystemDisplaysTheHomePage(LoginStepdefs.java:57)
	at ✽.The system displays the home page(file:///C:/Users/Dell/IdeaProjects/cucumber_test_automation_framework/src/test/resources/features/login.feature:18)
]]></failure>
    <system-out><![CDATA[
@login @smoke @regression
Scenario: User with invalid credentials                 &amp#27;[90m# src/test/resources/features/login.feature:13&amp#27;[0m

    URL https://parabank.parasoft.com/parabank/index.htm

  &amp#27;[32mGiven &amp#27;[0m&amp#27;[32mI have the parabank website URL&amp#27;[0m                 &amp#27;[90m# com.automation.stepdefinitions.LoginStepdefs.iHaveTheParabankWebsiteURL()&amp#27;[0m
  &amp#27;[32mWhen &amp#27;[0m&amp#27;[32mI enter the username as &amp#27;[0m&amp#27;[32m&amp#27;[1m"mavusana"&amp#27;[0m               &amp#27;[90m# com.automation.stepdefinitions.LoginStepdefs.iEnterTheUsernameAs(java.lang.String)&amp#27;[0m
  &amp#27;[32mAnd &amp#27;[0m&amp#27;[32mI enter the password as &amp#27;[0m&amp#27;[32m&amp#27;[1m"tele"&amp#27;[0m                    &amp#27;[90m# com.automation.stepdefinitions.LoginStepdefs.iEnterThePasswordAs(java.lang.String)&amp#27;[0m
  &amp#27;[32mAnd &amp#27;[0m&amp#27;[32mI click the login button&amp#27;[0m                          &amp#27;[90m# com.automation.stepdefinitions.LoginStepdefs.iClickTheLoginButton()&amp#27;[0m
  &amp#27;[31mThen &amp#27;[0m&amp#27;[31mThe system displays the home page&amp#27;[0m                &amp#27;[90m# com.automation.stepdefinitions.LoginStepdefs.theSystemDisplaysTheHomePage()&amp#27;[0m
      &amp#27;[31mjava.lang.AssertionError: 
Expected: is "ParaBank | Accounts Overview"
     but: was "ParaBank | Error"
	at org.hamcrest.MatcherAssert.assertThat(MatcherAssert.java:20)
	at org.hamcrest.MatcherAssert.assertThat(MatcherAssert.java:8)
	at com.automation.stepdefinitions.LoginStepdefs.theSystemDisplaysTheHomePage(LoginStepdefs.java:57)
	at âœ½.The system displays the home page(file:///C:/Users/Dell/IdeaProjects/cucumber_test_automation_framework/src/test/resources/features/login.feature:18)
&amp#27;[0m
  &amp#27;[36mAnd &amp#27;[0m&amp#27;[36mthe system displays a message &amp#27;[0m&amp#27;[36m&amp#27;[1m"welcome Vusi Pelo"&amp#27;[0m &amp#27;[90m# com.automation.stepdefinitions.LoginStepdefs.theSystemDisplaysAMessage(java.lang.String)&amp#27;[0m
]]></system-out>
    <system-err><![CDATA[Aug 13, 2024 7:59:58 PM org.openqa.selenium.devtools.CdpVersionFinder findNearestMatch
WARNING: Unable to find CDP implementation matching 127
Aug 13, 2024 7:59:58 PM org.openqa.selenium.chromium.ChromiumDriver lambda$new$5
WARNING: Unable to find version of CDP to use for 127.0.6533.100. You may need to include a dependency on a specific version of the CDP using something similar to `org.seleniumhq.selenium:selenium-devtools-v86:4.12.1` where the version ("v86") matches the version of the chromium-based browser you're using and the version number of the artifact is the same as Selenium's.
Aug 13, 2024 8:00:04 PM org.openqa.selenium.remote.http.WebSocket$Listener onError
WARNING: Connection reset
java.net.SocketException: Connection reset
	at java.base/sun.nio.ch.SocketChannelImpl.throwConnectionReset(SocketChannelImpl.java:394)
	at java.base/sun.nio.ch.SocketChannelImpl.read(SocketChannelImpl.java:426)
	at io.netty.buffer.PooledByteBuf.setBytes(PooledByteBuf.java:254)
	at io.netty.buffer.AbstractByteBuf.writeBytes(AbstractByteBuf.java:1132)
	at io.netty.channel.socket.nio.NioSocketChannel.doReadBytes(NioSocketChannel.java:357)
	at io.netty.channel.nio.AbstractNioByteChannel$NioByteUnsafe.read(AbstractNioByteChannel.java:151)
	at io.netty.channel.nio.NioEventLoop.processSelectedKey(NioEventLoop.java:788)
	at io.netty.channel.nio.NioEventLoop.processSelectedKeysOptimized(NioEventLoop.java:724)
	at io.netty.channel.nio.NioEventLoop.processSelectedKeys(NioEventLoop.java:650)
	at io.netty.channel.nio.NioEventLoop.run(NioEventLoop.java:562)
	at io.netty.util.concurrent.SingleThreadEventExecutor$4.run(SingleThreadEventExecutor.java:997)
	at io.netty.util.internal.ThreadExecutorMap$2.run(ThreadExecutorMap.java:74)
	at io.netty.util.concurrent.FastThreadLocalRunnable.run(FastThreadLocalRunnable.java:30)
	at java.base/java.lang.Thread.run(Thread.java:842)

]]></system-err>
  </testcase>
  <testcase name="" classname="Register user" time="4.481">
    <error message="The step &apos;I am on the parabank website landing page&apos; and 14 other step(s) are undefined.&#10;You can implement these steps using the snippet(s) below:&#10;&#10;@Given(&quot;I am on the parabank website landing page&quot;)&#10;public void i_am_on_the_parabank_website_landing_page() {&#10;    // Write code here that turns the phrase above into concrete actions&#10;    throw new io.cucumber.java.PendingException();&#10;}&#10;@When(&quot;I click the register link&quot;)&#10;public void i_click_the_register_link() {&#10;    // Write code here that turns the phrase above into concrete actions&#10;    throw new io.cucumber.java.PendingException();&#10;}&#10;@When(&quot;I enter firstname as {string}&quot;)&#10;public void i_enter_firstname_as(String string) {&#10;    // Write code here that turns the phrase above into concrete actions&#10;    throw new io.cucumber.java.PendingException();&#10;}&#10;@When(&quot;I enter lastname as {string}&quot;)&#10;public void i_enter_lastname_as(String string) {&#10;    // Write code here that turns the phrase above into concrete actions&#10;    throw new io.cucumber.java.PendingException();&#10;}&#10;@When(&quot;I enter address as {string}&quot;)&#10;public void i_enter_address_as(String string) {&#10;    // Write code here that turns the phrase above into concrete actions&#10;    throw new io.cucumber.java.PendingException();&#10;}&#10;@When(&quot;I enter city as {string}&quot;)&#10;public void i_enter_city_as(String string) {&#10;    // Write code here that turns the phrase above into concrete actions&#10;    throw new io.cucumber.java.PendingException();&#10;}&#10;@When(&quot;I enter state as {string}&quot;)&#10;public void i_enter_state_as(String string) {&#10;    // Write code here that turns the phrase above into concrete actions&#10;    throw new io.cucumber.java.PendingException();&#10;}&#10;@When(&quot;I enter zipcode as {string}&quot;)&#10;public void i_enter_zipcode_as(String string) {&#10;    // Write code here that turns the phrase above into concrete actions&#10;    throw new io.cucumber.java.PendingException();&#10;}&#10;@When(&quot;I enter phone as {string}&quot;)&#10;public void i_enter_phone_as(String string) {&#10;    // Write code here that turns the phrase above into concrete actions&#10;    throw new io.cucumber.java.PendingException();&#10;}&#10;@When(&quot;I enter ssn as {string}&quot;)&#10;public void i_enter_ssn_as(String string) {&#10;    // Write code here that turns the phrase above into concrete actions&#10;    throw new io.cucumber.java.PendingException();&#10;}&#10;@When(&quot;I enter username as {string}&quot;)&#10;public void i_enter_username_as(String string) {&#10;    // Write code here that turns the phrase above into concrete actions&#10;    throw new io.cucumber.java.PendingException();&#10;}&#10;@When(&quot;I enter password as {string}&quot;)&#10;public void i_enter_password_as(String string) {&#10;    // Write code here that turns the phrase above into concrete actions&#10;    throw new io.cucumber.java.PendingException();&#10;}&#10;@When(&quot;I enter confirm as {string}&quot;)&#10;public void i_enter_confirm_as(String string) {&#10;    // Write code here that turns the phrase above into concrete actions&#10;    throw new io.cucumber.java.PendingException();&#10;}&#10;@Then(&quot;I click the register button&quot;)&#10;public void i_click_the_register_button() {&#10;    // Write code here that turns the phrase above into concrete actions&#10;    throw new io.cucumber.java.PendingException();&#10;}&#10;@Then(&quot;the system confirms the registration&quot;)&#10;public void the_system_confirms_the_registration() {&#10;    // Write code here that turns the phrase above into concrete actions&#10;    throw new io.cucumber.java.PendingException();&#10;}&#10;" type="io.cucumber.junit.UndefinedStepException"><![CDATA[io.cucumber.junit.UndefinedStepException: 
The step 'I am on the parabank website landing page' and 14 other step(s) are undefined.
You can implement these steps using the snippet(s) below:

@Given("I am on the parabank website landing page")
public void i_am_on_the_parabank_website_landing_page() {
    // Write code here that turns the phrase above into concrete actions
    throw new io.cucumber.java.PendingException();
}
@When("I click the register link")
public void i_click_the_register_link() {
    // Write code here that turns the phrase above into concrete actions
    throw new io.cucumber.java.PendingException();
}
@When("I enter firstname as {string}")
public void i_enter_firstname_as(String string) {
    // Write code here that turns the phrase above into concrete actions
    throw new io.cucumber.java.PendingException();
}
@When("I enter lastname as {string}")
public void i_enter_lastname_as(String string) {
    // Write code here that turns the phrase above into concrete actions
    throw new io.cucumber.java.PendingException();
}
@When("I enter address as {string}")
public void i_enter_address_as(String string) {
    // Write code here that turns the phrase above into concrete actions
    throw new io.cucumber.java.PendingException();
}
@When("I enter city as {string}")
public void i_enter_city_as(String string) {
    // Write code here that turns the phrase above into concrete actions
    throw new io.cucumber.java.PendingException();
}
@When("I enter state as {string}")
public void i_enter_state_as(String string) {
    // Write code here that turns the phrase above into concrete actions
    throw new io.cucumber.java.PendingException();
}
@When("I enter zipcode as {string}")
public void i_enter_zipcode_as(String string) {
    // Write code here that turns the phrase above into concrete actions
    throw new io.cucumber.java.PendingException();
}
@When("I enter phone as {string}")
public void i_enter_phone_as(String string) {
    // Write code here that turns the phrase above into concrete actions
    throw new io.cucumber.java.PendingException();
}
@When("I enter ssn as {string}")
public void i_enter_ssn_as(String string) {
    // Write code here that turns the phrase above into concrete actions
    throw new io.cucumber.java.PendingException();
}
@When("I enter username as {string}")
public void i_enter_username_as(String string) {
    // Write code here that turns the phrase above into concrete actions
    throw new io.cucumber.java.PendingException();
}
@When("I enter password as {string}")
public void i_enter_password_as(String string) {
    // Write code here that turns the phrase above into concrete actions
    throw new io.cucumber.java.PendingException();
}
@When("I enter confirm as {string}")
public void i_enter_confirm_as(String string) {
    // Write code here that turns the phrase above into concrete actions
    throw new io.cucumber.java.PendingException();
}
@Then("I click the register button")
public void i_click_the_register_button() {
    // Write code here that turns the phrase above into concrete actions
    throw new io.cucumber.java.PendingException();
}
@Then("the system confirms the registration")
public void the_system_confirms_the_registration() {
    // Write code here that turns the phrase above into concrete actions
    throw new io.cucumber.java.PendingException();
}

]]></error>
    <system-out><![CDATA[
@register @smoke @regression
Scenario Outline:                                 &amp#27;[90m# src/test/resources/features/register.feature:21&amp#27;[0m
  &amp#27;[33mGiven &amp#27;[0m&amp#27;[33mI am on the parabank website landing page&amp#27;[0m
  &amp#27;[36mWhen &amp#27;[0m&amp#27;[36mI click the register link&amp#27;[0m
  &amp#27;[36mAnd &amp#27;[0m&amp#27;[36mI enter firstname as "Vusi"&amp#27;[0m
  &amp#27;[36mAnd &amp#27;[0m&amp#27;[36mI enter lastname as "Pelo"&amp#27;[0m
  &amp#27;[36mAnd &amp#27;[0m&amp#27;[36mI enter address as "78 Primrose"&amp#27;[0m
  &amp#27;[36mAnd &amp#27;[0m&amp#27;[36mI enter city as "Delmoew"&amp#27;[0m
  &amp#27;[36mAnd &amp#27;[0m&amp#27;[36mI enter state as "Home"&amp#27;[0m
  &amp#27;[36mAnd &amp#27;[0m&amp#27;[36mI enter zipcode as "2230"&amp#27;[0m
  &amp#27;[36mAnd &amp#27;[0m&amp#27;[36mI enter phone as "0834083284"&amp#27;[0m
  &amp#27;[36mAnd &amp#27;[0m&amp#27;[36mI enter ssn as "80982309480923"&amp#27;[0m
  &amp#27;[36mAnd &amp#27;[0m&amp#27;[36mI enter username as "masanana"&amp#27;[0m
  &amp#27;[36mAnd &amp#27;[0m&amp#27;[36mI enter password as "kamo"&amp#27;[0m
  &amp#27;[36mAnd &amp#27;[0m&amp#27;[36mI enter confirm as "kamo"&amp#27;[0m
  &amp#27;[36mThen &amp#27;[0m&amp#27;[36mI click the register button&amp#27;[0m
  &amp#27;[36mAnd &amp#27;[0m&amp#27;[36mthe system confirms the registration&amp#27;[0m
]]></system-out>
    <system-err><![CDATA[Aug 13, 2024 8:00:07 PM org.openqa.selenium.devtools.CdpVersionFinder findNearestMatch
WARNING: Unable to find CDP implementation matching 127
Aug 13, 2024 8:00:07 PM org.openqa.selenium.chromium.ChromiumDriver lambda$new$5
WARNING: Unable to find version of CDP to use for 127.0.6533.100. You may need to include a dependency on a specific version of the CDP using something similar to `org.seleniumhq.selenium:selenium-devtools-v86:4.12.1` where the version ("v86") matches the version of the chromium-based browser you're using and the version number of the artifact is the same as Selenium's.
Aug 13, 2024 8:00:09 PM org.openqa.selenium.remote.http.WebSocket$Listener onError
WARNING: Connection reset
java.net.SocketException: Connection reset
	at java.base/sun.nio.ch.SocketChannelImpl.throwConnectionReset(SocketChannelImpl.java:394)
	at java.base/sun.nio.ch.SocketChannelImpl.read(SocketChannelImpl.java:426)
	at io.netty.buffer.PooledByteBuf.setBytes(PooledByteBuf.java:254)
	at io.netty.buffer.AbstractByteBuf.writeBytes(AbstractByteBuf.java:1132)
	at io.netty.channel.socket.nio.NioSocketChannel.doReadBytes(NioSocketChannel.java:357)
	at io.netty.channel.nio.AbstractNioByteChannel$NioByteUnsafe.read(AbstractNioByteChannel.java:151)
	at io.netty.channel.nio.NioEventLoop.processSelectedKey(NioEventLoop.java:788)
	at io.netty.channel.nio.NioEventLoop.processSelectedKeysOptimized(NioEventLoop.java:724)
	at io.netty.channel.nio.NioEventLoop.processSelectedKeys(NioEventLoop.java:650)
	at io.netty.channel.nio.NioEventLoop.run(NioEventLoop.java:562)
	at io.netty.util.concurrent.SingleThreadEventExecutor$4.run(SingleThreadEventExecutor.java:997)
	at io.netty.util.internal.ThreadExecutorMap$2.run(ThreadExecutorMap.java:74)
	at io.netty.util.concurrent.FastThreadLocalRunnable.run(FastThreadLocalRunnable.java:30)
	at java.base/java.lang.Thread.run(Thread.java:842)

]]></system-err>
  </testcase>
</testsuite>